D:\VSGAME\SDL2GAME\SDL2GAME\DEBUG\SDL2GAME.PCH
D:\VSGAME\SDL2GAME\SDL2GAME\DEBUG\STDAFX.OBJ
D:\VSGAME\SDL2GAME\SDL2GAME\DEBUG\VC110.PDB
D:\VSGAME\SDL2GAME\SDL2GAME\DEBUG\MAIN.OBJ
D:\VSGAME\SDL2GAME\SDL2GAME\DEBUG\BASEOBJECT.OBJ
D:\VSGAME\SDL2GAME\SDL2GAME\DEBUG\COMMONFUNCTION.OBJ
D:\VSGAME\SDL2GAME\DEBUG\SDL2GAME.ILK
D:\VSGAME\SDL2GAME\DEBUG\SDL2GAME.EXE
D:\VSGAME\SDL2GAME\DEBUG\SDL2GAME.PDB
D:\VSGame\SDL2Game\SDL2Game\Debug\BaseObject.obj
D:\VSGame\SDL2Game\SDL2Game\Debug\CommonFunction.obj
D:\VSGame\SDL2Game\SDL2Game\Debug\stdafx.obj
D:\VSGame\SDL2Game\SDL2Game\Debug\cl.command.1.tlog
D:\VSGame\SDL2Game\SDL2Game\Debug\CL.read.1.tlog
D:\VSGame\SDL2Game\SDL2Game\Debug\CL.write.1.tlog
D:\VSGame\SDL2Game\SDL2Game\Debug\link-cvtres.read.1.tlog
D:\VSGame\SDL2Game\SDL2Game\Debug\link-cvtres.write.1.tlog
D:\VSGame\SDL2Game\SDL2Game\Debug\link-rc.read.1.tlog
D:\VSGame\SDL2Game\SDL2Game\Debug\link-rc.write.1.tlog
D:\VSGame\SDL2Game\SDL2Game\Debug\link.12008-cvtres.read.1.tlog
D:\VSGame\SDL2Game\SDL2Game\Debug\link.12008-cvtres.write.1.tlog
D:\VSGame\SDL2Game\SDL2Game\Debug\link.12008-rc.read.1.tlog
D:\VSGame\SDL2Game\SDL2Game\Debug\link.12008-rc.write.1.tlog
D:\VSGame\SDL2Game\SDL2Game\Debug\link.12008.read.1.tlog
D:\VSGame\SDL2Game\SDL2Game\Debug\link.12008.write.1.tlog
D:\VSGame\SDL2Game\SDL2Game\Debug\link.1204-cvtres.read.1.tlog
D:\VSGame\SDL2Game\SDL2Game\Debug\link.1204-cvtres.write.1.tlog
D:\VSGame\SDL2Game\SDL2Game\Debug\link.1204-rc.read.1.tlog
D:\VSGame\SDL2Game\SDL2Game\Debug\link.1204-rc.write.1.tlog
D:\VSGame\SDL2Game\SDL2Game\Debug\link.1204.read.1.tlog
D:\VSGame\SDL2Game\SDL2Game\Debug\link.1204.write.1.tlog
D:\VSGame\SDL2Game\SDL2Game\Debug\link.7776-cvtres.read.1.tlog
D:\VSGame\SDL2Game\SDL2Game\Debug\link.7776-cvtres.write.1.tlog
D:\VSGame\SDL2Game\SDL2Game\Debug\link.7776-rc.read.1.tlog
D:\VSGame\SDL2Game\SDL2Game\Debug\link.7776-rc.write.1.tlog
D:\VSGame\SDL2Game\SDL2Game\Debug\link.7776.read.1.tlog
D:\VSGame\SDL2Game\SDL2Game\Debug\link.7776.write.1.tlog
D:\VSGame\SDL2Game\SDL2Game\Debug\link.command.1.tlog
D:\VSGame\SDL2Game\SDL2Game\Debug\link.read.1.tlog
D:\VSGame\SDL2Game\SDL2Game\Debug\link.write.1.tlog
D:\VSGame\SDL2Game\SDL2Game\Debug\SDL2Game.pch
D:\VSGame\SDL2Game\SDL2Game\Debug\vc110.idb
D:\VSGame\SDL2Game\SDL2Game\Debug\vc110.pdb
D:\VSGame\SDL2Game\Debug\SDL2Game.pdb
D:\VSGame\SDL2Game\Debug\SDL2Game.exe
D:\VSGame\SDL2Game\Debug\SDL2Game.ilk
