Build started 19/04/2021 6:45:04 PM.
     1>Project "D:\VSGame\SDL2Game\SDL2Game\SDL2Game.vcxproj" on node 2 (Build target(s)).
     1>ClCompile:
         C:\Program Files (x86)\Microsoft Visual Studio 11.0\VC\bin\CL.exe /c /ZI /nologo /W3 /WX- /sdl /Od /Oy- /D WIN32 /D _DEBUG /D _CONSOLE /D _UNICODE /D UNICODE /Gm /EHsc /RTC1 /MDd /GS /fp:precise /Zc:wchar_t /Zc:forScope /Yu"stdafx.h" /Fp"Debug\SDL2Game.pch" /Fo"Debug\\" /Fd"Debug\vc110.pdb" /Gd /TP /analyze- /errorReport:prompt main.cpp
         main.cpp
     1>d:\vsgame\sdl2game\sdl2game\commonfunction.h(41): warning C4091: 'typedef ' : ignored on left of 'Input' when no variable is declared
     1>d:\vsgame\sdl2game\sdl2game\commonfunction.h(54): warning C4091: 'typedef ' : ignored on left of 'Map' when no variable is declared
     1>d:\vsgame\sdl2game\sdl2game\main.cpp(116): warning C4244: 'argument' : conversion from 'int' to 'const float', possible loss of data
     1>d:\vsgame\sdl2game\sdl2game\main.cpp(121): warning C4244: 'initializing' : conversion from 'float' to 'int', possible loss of data
     1>d:\vsgame\sdl2game\sdl2game\main.cpp(122): warning C4244: 'initializing' : conversion from 'float' to 'int', possible loss of data
     1>d:\vsgame\sdl2game\sdl2game\main.cpp(144): warning C4244: 'argument' : conversion from 'int' to 'const float', possible loss of data
     1>d:\vsgame\sdl2game\sdl2game\main.cpp(170): warning C4244: 'argument' : conversion from 'int' to 'const float', possible loss of data
     1>d:\vsgame\sdl2game\sdl2game\main.cpp(172): warning C4244: 'argument' : conversion from 'int' to 'const float', possible loss of data
     1>d:\vsgame\sdl2game\sdl2game\main.cpp(174): warning C4244: 'initializing' : conversion from 'float' to 'int', possible loss of data
     1>d:\vsgame\sdl2game\sdl2game\main.cpp(175): warning C4244: 'initializing' : conversion from 'float' to 'int', possible loss of data
     1>d:\vsgame\sdl2game\sdl2game\main.cpp(314): warning C4018: '<' : signed/unsigned mismatch
     1>d:\vsgame\sdl2game\sdl2game\main.cpp(328): warning C4018: '<' : signed/unsigned mismatch
     1>d:\vsgame\sdl2game\sdl2game\main.cpp(373): warning C4018: '<' : signed/unsigned mismatch
     1>d:\vsgame\sdl2game\sdl2game\main.cpp(378): warning C4018: '<' : signed/unsigned mismatch
     1>d:\vsgame\sdl2game\sdl2game\main.cpp(436): warning C4244: 'argument' : conversion from 'double' to 'int', possible loss of data
     1>d:\vsgame\sdl2game\sdl2game\main.cpp(449): warning C4018: '<' : signed/unsigned mismatch
       Link:
         C:\Program Files (x86)\Microsoft Visual Studio 11.0\VC\bin\link.exe /ERRORREPORT:PROMPT /OUT:"D:\VSGame\SDL2Game\Debug\SDL2Game.exe" /INCREMENTAL /NOLOGO SDL2.lib SDL2main.lib SDL2_image.lib SDL2_mixer.lib SDL2_ttf.lib kernel32.lib user32.lib gdi32.lib winspool.lib comdlg32.lib advapi32.lib shell32.lib ole32.lib oleaut32.lib uuid.lib odbc32.lib odbccp32.lib /MANIFEST /MANIFESTUAC:"level='asInvoker' uiAccess='false'" /manifest:embed /DEBUG /PDB:"D:\VSGame\SDL2Game\Debug\SDL2Game.pdb" /SUBSYSTEM:CONSOLE /TLBID:1 /DYNAMICBASE /NXCOMPAT /IMPLIB:"D:\VSGame\SDL2Game\Debug\SDL2Game.lib" /MACHINE:X86 Debug\AttackObject.obj
         Debug\BaseObject.obj
         Debug\Collision.obj
         Debug\CommonFunction.obj
         Debug\game_map.obj
         Debug\main.obj
         Debug\MainObject.obj
         Debug\MenuGame.obj
         Debug\stdafx.obj
         Debug\ImpTimer.obj
         Debug\TextObject.obj
         Debug\ThreatObject.obj
         SDL2Game.vcxproj -> D:\VSGame\SDL2Game\Debug\SDL2Game.exe
     1>Done Building Project "D:\VSGame\SDL2Game\SDL2Game\SDL2Game.vcxproj" (Build target(s)).

Build succeeded.

Time Elapsed 00:00:01.85
